лип. 23, 2015 1:45:12 PM ua.my.ukrnetdump.core.Parse getNewsText
INFO: Erroe msg=errer url
Url error=null
лип. 23, 2015 1:45:27 PM ua.my.ukrnetdump.core.Parse getNewsText
INFO: Erroe msg=errer url
Url error=null
лип. 23, 2015 1:45:30 PM ua.my.ukrnetdump.core.Parse getNewsText
INFO: Erroe msg=errer url
Url error=null
лип. 23, 2015 2:12:33 PM ua.my.ukrnetdump.core.Parse getNewsText
INFO: Erroe msg=errer url
Url error=null
лип. 23, 2015 2:12:52 PM ua.my.ukrnetdump.core.Parse getNewsText
INFO: Erroe msg=errer url
Url error=null
лип. 23, 2015 2:21:56 PM ua.my.ukrnetdump.core.Parse getNewsText
INFO: Erroe msg=errer urlUrl=http://telegraf.com.ua/zhizn/moda-zhizn/1989370-kak-odetsya-v-stile-70-h-foto.html
лип. 23, 2015 2:25:24 PM ua.my.ukrnetdump.core.Parse getNewsText
INFO: Erroe msg=errer url Url=http://telegraf.com.ua/zhizn/moda-zhizn/1989370-kak-odetsya-v-stile-70-h-foto.html
лип. 25, 2015 11:25:52 AM ua.my.ukrnetdump.core.Parse getNewsText
INFO: Erroe msg=errer url Url=http://telegraf.com.ua/zhizn/zhurnal/1991651-druzya-samyie-populyarnyie-gosti-seriala-foto.html
лип. 25, 2015 11:26:00 AM ua.my.ukrnetdump.core.Parse getNewsText
INFO: Erroe msg=errer url Url=http://telegraf.com.ua/zhizn/zhurnal/1991577-sborka-zabavnyih-foto-prikolov-dlya-horoshego-nastroeniya.html
лип. 25, 2015 11:26:06 AM ua.my.ukrnetdump.core.Parse getNewsText
INFO: Erroe msg=errer url Url=http://telegraf.com.ua/puteshestviya/1991001-udivitelnyie-peshehodnyie-marshrutyi-po-kotoryim-hochetsya-proytis-foto.html
лип. 25, 2015 11:35:09 AM ua.my.ukrnetdump.core.Parse getNewsText
INFO: Erroe msg=errer url Url=http://telegraf.com.ua/zhizn/zhurnal/1991651-druzya-samyie-populyarnyie-gosti-seriala-foto.html
лип. 25, 2015 11:35:17 AM ua.my.ukrnetdump.core.Parse getNewsText
INFO: Erroe msg=errer url Url=http://telegraf.com.ua/zhizn/zhurnal/1991577-sborka-zabavnyih-foto-prikolov-dlya-horoshego-nastroeniya.html
лип. 25, 2015 11:35:27 AM ua.my.ukrnetdump.core.Parse getNewsText
INFO: Erroe msg=errer url Url=http://telegraf.com.ua/puteshestviya/1991001-udivitelnyie-peshehodnyie-marshrutyi-po-kotoryim-hochetsya-proytis-foto.html
